<?xml version="1.0" encoding="UTF-8"?>
<testng-results skipped="0" failed="1" total="4" passed="3">
  <reporter-output>
  </reporter-output>
  <suite name="Manor Regression Suite" duration-ms="89252" started-at="2020-05-29T23:05:09Z" finished-at="2020-05-29T23:06:39Z">
    <groups>
    </groups>
    <test name="Manor Functional Regression Test" duration-ms="89252" started-at="2020-05-29T23:05:09Z" finished-at="2020-05-29T23:06:39Z">
      <class name="com.qa.manor.tests.WelcomePageTest">
        <test-method status="PASS" signature="setUp()[pri:0, instance:com.qa.manor.tests.WelcomePageTest@f19c9d2]" name="setUp" is-config="true" duration-ms="19099" started-at="2020-05-30T01:05:10Z" finished-at="2020-05-30T01:05:29Z">
          <reporter-output>
          </reporter-output>
        </test-method> <!-- setUp -->
        <test-method status="PASS" signature="getPageTitle_test()[pri:1, instance:com.qa.manor.tests.WelcomePageTest@f19c9d2]" name="getPageTitle_test" duration-ms="551" started-at="2020-05-30T01:05:29Z" finished-at="2020-05-30T01:05:29Z">
          <reporter-output>
          </reporter-output>
        </test-method> <!-- getPageTitle_test -->
        <test-method status="PASS" signature="tearDown()[pri:0, instance:com.qa.manor.tests.WelcomePageTest@f19c9d2]" name="tearDown" is-config="true" duration-ms="1582" started-at="2020-05-30T01:05:29Z" finished-at="2020-05-30T01:05:31Z">
          <reporter-output>
          </reporter-output>
        </test-method> <!-- tearDown -->
        <test-method status="PASS" signature="setUp()[pri:0, instance:com.qa.manor.tests.WelcomePageTest@f19c9d2]" name="setUp" is-config="true" duration-ms="10244" started-at="2020-05-30T01:05:31Z" finished-at="2020-05-30T01:05:41Z">
          <reporter-output>
          </reporter-output>
        </test-method> <!-- setUp -->
        <test-method status="PASS" signature="verifyPageLogo_test()[pri:2, instance:com.qa.manor.tests.WelcomePageTest@f19c9d2]" name="verifyPageLogo_test" duration-ms="4625" started-at="2020-05-30T01:05:41Z" finished-at="2020-05-30T01:05:46Z">
          <reporter-output>
          </reporter-output>
        </test-method> <!-- verifyPageLogo_test -->
        <test-method status="PASS" signature="tearDown()[pri:0, instance:com.qa.manor.tests.WelcomePageTest@f19c9d2]" name="tearDown" is-config="true" duration-ms="1070" started-at="2020-05-30T01:05:46Z" finished-at="2020-05-30T01:05:47Z">
          <reporter-output>
          </reporter-output>
        </test-method> <!-- tearDown -->
        <test-method status="PASS" signature="setUp()[pri:0, instance:com.qa.manor.tests.WelcomePageTest@f19c9d2]" name="setUp" is-config="true" duration-ms="9727" started-at="2020-05-30T01:05:47Z" finished-at="2020-05-30T01:05:56Z">
          <reporter-output>
          </reporter-output>
        </test-method> <!-- setUp -->
        <test-method status="FAIL" signature="verifySeachBar_test()[pri:3, instance:com.qa.manor.tests.WelcomePageTest@f19c9d2]" name="verifySeachBar_test" duration-ms="20116" started-at="2020-05-30T01:05:56Z" finished-at="2020-05-30T01:06:17Z">
          <exception class="java.lang.AssertionError">
            <message>
              <![CDATA[search bar is available expected [true] but found [false]]]>
            </message>
            <full-stacktrace>
              <![CDATA[java.lang.AssertionError: search bar is available expected [true] but found [false]
	at org.testng.Assert.fail(Assert.java:94)
	at org.testng.Assert.failNotEquals(Assert.java:513)
	at org.testng.Assert.assertTrue(Assert.java:42)
	at com.qa.manor.tests.WelcomePageTest.verifySeachBar_test(WelcomePageTest.java:68)
	at sun.reflect.NativeMethodAccessorImpl.invoke0(Native Method)
	at sun.reflect.NativeMethodAccessorImpl.invoke(NativeMethodAccessorImpl.java:62)
	at sun.reflect.DelegatingMethodAccessorImpl.invoke(DelegatingMethodAccessorImpl.java:43)
	at java.lang.reflect.Method.invoke(Method.java:498)
	at org.testng.internal.MethodInvocationHelper.invokeMethod(MethodInvocationHelper.java:100)
	at org.testng.internal.Invoker.invokeMethod(Invoker.java:646)
	at org.testng.internal.Invoker.invokeTestMethod(Invoker.java:811)
	at org.testng.internal.Invoker.invokeTestMethods(Invoker.java:1129)
	at org.testng.internal.TestMethodWorker.invokeTestMethods(TestMethodWorker.java:129)
	at org.testng.internal.TestMethodWorker.run(TestMethodWorker.java:112)
	at org.testng.TestRunner.privateRun(TestRunner.java:746)
	at org.testng.TestRunner.run(TestRunner.java:600)
	at org.testng.SuiteRunner.runTest(SuiteRunner.java:366)
	at org.testng.SuiteRunner.runSequentially(SuiteRunner.java:361)
	at org.testng.SuiteRunner.privateRun(SuiteRunner.java:319)
	at org.testng.SuiteRunner.run(SuiteRunner.java:268)
	at org.testng.SuiteRunnerWorker.runSuite(SuiteRunnerWorker.java:52)
	at org.testng.SuiteRunnerWorker.run(SuiteRunnerWorker.java:86)
	at org.testng.TestNG.runSuitesSequentially(TestNG.java:1264)
	at org.testng.TestNG.runSuitesLocally(TestNG.java:1189)
	at org.testng.TestNG.runSuites(TestNG.java:1104)
	at org.testng.TestNG.run(TestNG.java:1076)
	at org.testng.remote.AbstractRemoteTestNG.run(AbstractRemoteTestNG.java:126)
	at org.testng.remote.RemoteTestNG.initAndRun(RemoteTestNG.java:152)
	at org.testng.remote.RemoteTestNG.main(RemoteTestNG.java:57)
]]>
            </full-stacktrace>
          </exception> <!-- java.lang.AssertionError -->
          <reporter-output>
          </reporter-output>
        </test-method> <!-- verifySeachBar_test -->
        <test-method status="PASS" signature="tearDown()[pri:0, instance:com.qa.manor.tests.WelcomePageTest@f19c9d2]" name="tearDown" is-config="true" duration-ms="1138" started-at="2020-05-30T01:06:18Z" finished-at="2020-05-30T01:06:20Z">
          <reporter-output>
          </reporter-output>
        </test-method> <!-- tearDown -->
        <test-method status="PASS" signature="setUp()[pri:0, instance:com.qa.manor.tests.WelcomePageTest@f19c9d2]" name="setUp" is-config="true" duration-ms="10372" started-at="2020-05-30T01:06:20Z" finished-at="2020-05-30T01:06:30Z">
          <reporter-output>
          </reporter-output>
        </test-method> <!-- setUp -->
        <test-method status="PASS" signature="goToLoginPage_test()[pri:4, instance:com.qa.manor.tests.WelcomePageTest@f19c9d2]" name="goToLoginPage_test" duration-ms="7500" started-at="2020-05-30T01:06:30Z" finished-at="2020-05-30T01:06:37Z">
          <reporter-output>
          </reporter-output>
        </test-method> <!-- goToLoginPage_test -->
        <test-method status="PASS" signature="tearDown()[pri:0, instance:com.qa.manor.tests.WelcomePageTest@f19c9d2]" name="tearDown" is-config="true" duration-ms="1126" started-at="2020-05-30T01:06:37Z" finished-at="2020-05-30T01:06:39Z">
          <reporter-output>
          </reporter-output>
        </test-method> <!-- tearDown -->
      </class> <!-- com.qa.manor.tests.WelcomePageTest -->
    </test> <!-- Manor Functional Regression Test -->
  </suite> <!-- Manor Regression Suite -->
</testng-results>
